<?xml version="1.0" encoding="UTF-8"?>
<testsuite name="ohtu.ohtuvarasto.VarastoTest" tests="18" skipped="0" failures="0" errors="0" timestamp="2020-02-12T21:45:29" hostname="LAPTOP-LTEFMJNB" time="0.007">
  <properties/>
  <testcase name="negatiivinenAlkusaldoNollaantuu" classname="ohtu.ohtuvarasto.VarastoTest" time="0.001"/>
  <testcase name="ottaminenPalauttaaOikeanMaaran" classname="ohtu.ohtuvarasto.VarastoTest" time="0.0"/>
  <testcase name="lisaysLisaaPienentaaVapaataTilaa" classname="ohtu.ohtuvarasto.VarastoTest" time="0.0"/>
  <testcase name="lisaysLisaaSaldoa" classname="ohtu.ohtuvarasto.VarastoTest" time="0.0"/>
  <testcase name="konstruktoriJosTilavuusNollaLuoTyhjan" classname="ohtu.ohtuvarasto.VarastoTest" time="0.0"/>
  <testcase name="palautetaanArvot2" classname="ohtu.ohtuvarasto.VarastoTest" time="0.0"/>
  <testcase name="stringToimii" classname="ohtu.ohtuvarasto.VarastoTest" time="0.0"/>
  <testcase name="laitetaanLiikaa" classname="ohtu.ohtuvarasto.VarastoTest" time="0.0"/>
  <testcase name="liianPieniVarasto" classname="ohtu.ohtuvarasto.VarastoTest" time="0.0"/>
  <testcase name="palautetaanArvot" classname="ohtu.ohtuvarasto.VarastoTest" time="0.0"/>
  <testcase name="otetaanLiikaa" classname="ohtu.ohtuvarasto.VarastoTest" time="0.0"/>
  <testcase name="ottaminenLisÃ¤Ã¤Tilaa" classname="ohtu.ohtuvarasto.VarastoTest" time="0.0"/>
  <testcase name="lisataanNegatiivinen" classname="ohtu.ohtuvarasto.VarastoTest" time="0.0"/>
  <testcase name="uudellaVarastollaOikeaTilavuus" classname="ohtu.ohtuvarasto.VarastoTest" time="0.0"/>
  <testcase name="konstruktoriLuoTyhjanVaraston2" classname="ohtu.ohtuvarasto.VarastoTest" time="0.0"/>
  <testcase name="konstruktoriLuoTyhjanVaraston3" classname="ohtu.ohtuvarasto.VarastoTest" time="0.001"/>
  <testcase name="konstruktoriLuoTyhjanVaraston" classname="ohtu.ohtuvarasto.VarastoTest" time="0.0"/>
  <testcase name="konstruktoriJosNegatiivinenLuoTyhjan" classname="ohtu.ohtuvarasto.VarastoTest" time="0.0"/>
  <system-out><![CDATA[]]></system-out>
  <system-err><![CDATA[]]></system-err>
</testsuite>
